<?xml version="1.0" encoding="UTF-8"?>
<!-- Generated by org.testng.reporters.JUnitReportReporter -->
<testsuite hostname="Ram" failures="0" tests="1" name="demotest.TableFormat" time="8.449" errors="0" timestamp="2023-09-22T17:00:42 IST" skipped="0">
  <testcase classname="demotest.TableFormat" name="launchBrowser" time="8.449"/>
  <system-out/>
</testsuite> <!-- demotest.TableFormat -->
